<?xml version="1.0" encoding="UTF-8"?>
<!-- Generated by org.testng.reporters.JUnitReportReporter -->
<testsuite hostname="WIN-87ENFK75A5U" failures="0" tests="1" name="com.qa.testcases.Login" time="4.000" errors="0" timestamp="2025-02-21T18:04:55 IST" skipped="0">
  <testcase classname="com.qa.testcases.Login" name="verifyContactsPageLabel" time="4.000"/>
  <system-out/>
</testsuite> <!-- com.qa.testcases.Login -->
